# JRE version: OpenJDK Runtime Environment (21.0.6) (build 21.0.6+-13368085-b895.109)
# Java VM: OpenJDK 64-Bit Server VM (21.0.6+-13368085-b895.109, mixed mode, tiered, compressed oops, compressed class ptrs, g1 gc, windows-amd64)
GC Precious Log:
 CardTable entry size: 512
 Card Set container configuration: InlinePtr #cards 5 size 8 Array Of Cards #cards 12 size 40 Howl #buckets 4 coarsen threshold 1843 Howl Bitmap #cards 512 size 80 coarsen threshold 460 Card regions per heap region 1 cards per card region 2048
 CPUs: 2 total, 2 available
 Memory: 6059M
 Large Page Support: Disabled
 NUMA Support: Disabled
 Compressed Oops: Enabled (32-bit)
 Heap Region Size: 1M
 Heap Min Capacity: 8M
 Heap Initial Capacity: 96M
 Heap Max Capacity: 2G
 Pre-touch: Disabled
 Parallel Workers: 2
 Concurrent Workers: 1
 Concurrent Refinement Workers: 2
 Periodic GC: Disabled
Heap:
 garbage-first heap   total 280576K, used 141926K [0x0000000080000000, 0x0000000100000000)
  region size 1024K, 5 young (5120K), 5 survivors (5120K)
 Metaspace       used 155830K, committed 160896K, reserved 1245184K
  class space    used 20198K, committed 22144K, reserved 1048576K
GC Heap History (20 events):
Event: 1719.923 GC heap after
{Heap after GC invocations=74 (full 0):
 garbage-first heap   total 280576K, used 163757K [0x0000000080000000, 0x0000000100000000)
  region size 1024K, 5 young (5120K), 5 survivors (5120K)
 Metaspace       used 157301K, committed 159872K, reserved 1245184K
  class space    used 20853K, committed 22144K, reserved 1048576K
}
Event: 1722.116 GC heap before
{Heap before GC invocations=75 (full 0):
 garbage-first heap   total 280576K, used 223149K [0x0000000080000000, 0x0000000100000000)
  region size 1024K, 50 young (51200K), 5 survivors (5120K)
 Metaspace       used 157333K, committed 159872K, reserved 1245184K
  class space    used 20853K, committed 22144K, reserved 1048576K
}
Event: 1722.140 GC heap after
{Heap after GC invocations=76 (full 0):
 garbage-first heap   total 280576K, used 161673K [0x0000000080000000, 0x0000000100000000)
  region size 1024K, 1 young (1024K), 1 survivors (1024K)
 Metaspace       used 157333K, committed 159872K, reserved 1245184K
  class space    used 20853K, committed 22144K, reserved 1048576K
}
Event: 1727.137 GC heap before
{Heap before GC invocations=76 (full 0):
 garbage-first heap   total 280576K, used 232329K [0x0000000080000000, 0x0000000100000000)
  region size 1024K, 71 young (72704K), 1 survivors (1024K)
 Metaspace       used 157459K, committed 160000K, reserved 1245184K
  class space    used 20854K, committed 22144K, reserved 1048576K
}
Event: 1727.185 GC heap after
{Heap after GC invocations=77 (full 0):
 garbage-first heap   total 280576K, used 157980K [0x0000000080000000, 0x0000000100000000)
  region size 1024K, 6 young (6144K), 6 survivors (6144K)
 Metaspace       used 157459K, committed 160000K, reserved 1245184K
  class space    used 20854K, committed 22144K, reserved 1048576K
}
Event: 1783.056 GC heap before
{Heap before GC invocations=77 (full 0):
 garbage-first heap   total 280576K, used 236828K [0x0000000080000000, 0x0000000100000000)
  region size 1024K, 82 young (83968K), 6 survivors (6144K)
 Metaspace       used 157581K, committed 160128K, reserved 1245184K
  class space    used 20854K, committed 22144K, reserved 1048576K
}
Event: 1783.168 GC heap after
{Heap after GC invocations=78 (full 0):
 garbage-first heap   total 280576K, used 162190K [0x0000000080000000, 0x0000000100000000)
  region size 1024K, 11 young (11264K), 11 survivors (11264K)
 Metaspace       used 157581K, committed 160128K, reserved 1245184K
  class space    used 20854K, committed 22144K, reserved 1048576K
}
Event: 1785.614 GC heap before
{Heap before GC invocations=78 (full 0):
 garbage-first heap   total 280576K, used 241038K [0x0000000080000000, 0x0000000100000000)
  region size 1024K, 87 young (89088K), 11 survivors (11264K)
 Metaspace       used 157911K, committed 160448K, reserved 1245184K
  class space    used 20864K, committed 22144K, reserved 1048576K
}
Event: 1785.658 GC heap after
{Heap after GC invocations=79 (full 0):
 garbage-first heap   total 280576K, used 156160K [0x0000000080000000, 0x0000000100000000)
  region size 1024K, 2 young (2048K), 2 survivors (2048K)
 Metaspace       used 157911K, committed 160448K, reserved 1245184K
  class space    used 20864K, committed 22144K, reserved 1048576K
}
Event: 1798.945 GC heap before
{Heap before GC invocations=79 (full 0):
 garbage-first heap   total 280576K, used 253440K [0x0000000080000000, 0x0000000100000000)
  region size 1024K, 86 young (88064K), 2 survivors (2048K)
 Metaspace       used 158116K, committed 160640K, reserved 1245184K
  class space    used 20867K, committed 22144K, reserved 1048576K
}
Event: 1798.995 GC heap after
{Heap after GC invocations=80 (full 0):
 garbage-first heap   total 280576K, used 163840K [0x0000000080000000, 0x0000000100000000)
  region size 1024K, 9 young (9216K), 9 survivors (9216K)
 Metaspace       used 158116K, committed 160640K, reserved 1245184K
  class space    used 20867K, committed 22144K, reserved 1048576K
}
Event: 2315.042 GC heap before
{Heap before GC invocations=80 (full 0):
 garbage-first heap   total 280576K, used 246784K [0x0000000080000000, 0x0000000100000000)
  region size 1024K, 90 young (92160K), 9 survivors (9216K)
 Metaspace       used 158231K, committed 160768K, reserved 1245184K
  class space    used 20867K, committed 22144K, reserved 1048576K
}
Event: 2315.245 GC heap after
{Heap after GC invocations=81 (full 0):
 garbage-first heap   total 280576K, used 160628K [0x0000000080000000, 0x0000000100000000)
  region size 1024K, 5 young (5120K), 5 survivors (5120K)
 Metaspace       used 158231K, committed 160768K, reserved 1245184K
  class space    used 20867K, committed 22144K, reserved 1048576K
}
Event: 2321.654 GC heap before
{Heap before GC invocations=81 (full 0):
 garbage-first heap   total 280576K, used 167796K [0x0000000080000000, 0x0000000100000000)
  region size 1024K, 21 young (21504K), 5 survivors (5120K)
 Metaspace       used 155456K, committed 160768K, reserved 1245184K
  class space    used 20197K, committed 22144K, reserved 1048576K
}
Event: 2321.810 GC heap after
{Heap after GC invocations=82 (full 0):
 garbage-first heap   total 280576K, used 152607K [0x0000000080000000, 0x0000000100000000)
  region size 1024K, 2 young (2048K), 2 survivors (2048K)
 Metaspace       used 155456K, committed 160768K, reserved 1245184K
  class space    used 20197K, committed 22144K, reserved 1048576K
}
Event: 2322.553 GC heap before
{Heap before GC invocations=82 (full 0):
 garbage-first heap   total 280576K, used 163871K [0x0000000080000000, 0x0000000100000000)
  region size 1024K, 13 young (13312K), 2 survivors (2048K)
 Metaspace       used 155533K, committed 160768K, reserved 1245184K
  class space    used 20197K, committed 22144K, reserved 1048576K
}
Event: 2322.571 GC heap after
{Heap after GC invocations=83 (full 0):
 garbage-first heap   total 280576K, used 155298K [0x0000000080000000, 0x0000000100000000)
  region size 1024K, 2 young (2048K), 2 survivors (2048K)
 Metaspace       used 155533K, committed 160768K, reserved 1245184K
  class space    used 20197K, committed 22144K, reserved 1048576K
}
Event: 2322.807 GC heap before
{Heap before GC invocations=84 (full 0):
 garbage-first heap   total 280576K, used 166562K [0x0000000080000000, 0x0000000100000000)
  region size 1024K, 13 young (13312K), 2 survivors (2048K)
 Metaspace       used 155545K, committed 160768K, reserved 1245184K
  class space    used 20198K, committed 22144K, reserved 1048576K
}
Event: 2322.828 GC heap after
{Heap after GC invocations=85 (full 0):
 garbage-first heap   total 280576K, used 157558K [0x0000000080000000, 0x0000000100000000)
  region size 1024K, 2 young (2048K), 2 survivors (2048K)
 Metaspace       used 155545K, committed 160768K, reserved 1245184K
  class space    used 20198K, committed 22144K, reserved 1048576K
}
Event: 2372.656 GC heap before
{Heap before GC invocations=85 (full 0):
 garbage-first heap   total 280576K, used 248694K [0x0000000080000000, 0x0000000100000000)
  region size 1024K, 80 young (81920K), 2 survivors (2048K)
 Metaspace       used 155830K, committed 160896K, reserved 1245184K
  class space    used 20198K, committed 22144K, reserved 1048576K
}

